2014-08-13 21:46:01,182 INFO org.apache.hadoop.yarn.server.nodemanager.NodeManager: STARTUP_MSG: 
/************************************************************
STARTUP_MSG: Starting NodeManager
STARTUP_MSG:   host = rticdev.igatecorp.com/172.16.1.31
STARTUP_MSG:   args = []
STARTUP_MSG:   version = 2.4.0
STARTUP_MSG:   classpath = /usr/local/hadoop/etc/hadoop:/usr/local/hadoop/etc/hadoop:/usr/local/hadoop/etc/hadoop:/usr/local/hadoop/share/hadoop/common/lib/jetty-util-6.1.26.jar:/usr/local/hadoop/share/hadoop/common/lib/commons-codec-1.4.jar:/usr/local/hadoop/share/hadoop/common/lib/zookeeper-3.4.5.jar:/usr/local/hadoop/share/hadoop/common/lib/jersey-server-1.9.jar:/usr/local/hadoop/share/hadoop/common/lib/slf4j-api-1.7.5.jar:/usr/local/hadoop/share/hadoop/common/lib/java-xmlbuilder-0.4.jar:/usr/local/hadoop/share/hadoop/common/lib/jersey-core-1.9.jar:/usr/local/hadoop/share/hadoop/common/lib/xz-1.0.jar:/usr/local/hadoop/share/hadoop/common/lib/commons-httpclient-3.1.jar:/usr/local/hadoop/share/hadoop/common/lib/netty-3.6.2.Final.jar:/usr/local/hadoop/share/hadoop/common/lib/httpclient-4.2.5.jar:/usr/local/hadoop/share/hadoop/common/lib/jasper-runtime-5.5.23.jar:/usr/local/hadoop/share/hadoop/common/lib/guava-11.0.2.jar:/usr/local/hadoop/share/hadoop/common/lib/slf4j-log4j12-1.7.5.jar:/usr/local/hadoop/share/hadoop/common/lib/commons-beanutils-1.7.0.jar:/usr/local/hadoop/share/hadoop/common/lib/jsp-api-2.1.jar:/usr/local/hadoop/share/hadoop/common/lib/activation-1.1.jar:/usr/local/hadoop/share/hadoop/common/lib/mockito-all-1.8.5.jar:/usr/local/hadoop/share/hadoop/common/lib/commons-configuration-1.6.jar:/usr/local/hadoop/share/hadoop/common/lib/jetty-6.1.26.jar:/usr/local/hadoop/share/hadoop/common/lib/jettison-1.1.jar:/usr/local/hadoop/share/hadoop/common/lib/commons-logging-1.1.3.jar:/usr/local/hadoop/share/hadoop/common/lib/jasper-compiler-5.5.23.jar:/usr/local/hadoop/share/hadoop/common/lib/commons-el-1.0.jar:/usr/local/hadoop/share/hadoop/common/lib/jaxb-impl-2.2.3-1.jar:/usr/local/hadoop/share/hadoop/common/lib/jaxb-api-2.2.2.jar:/usr/local/hadoop/share/hadoop/common/lib/log4j-1.2.17.jar:/usr/local/hadoop/share/hadoop/common/lib/servlet-api-2.5.jar:/usr/local/hadoop/share/hadoop/common/lib/commons-digester-1.8.jar:/usr/local/hadoop/share/hadoop/common/lib/commons-io-2.4.jar:/usr/local/hadoop/share/hadoop/common/lib/protobuf-java-2.5.0.jar:/usr/local/hadoop/share/hadoop/common/lib/commons-compress-1.4.1.jar:/usr/local/hadoop/share/hadoop/common/lib/commons-collections-3.2.1.jar:/usr/local/hadoop/share/hadoop/common/lib/jets3t-0.9.0.jar:/usr/local/hadoop/share/hadoop/common/lib/jsch-0.1.42.jar:/usr/local/hadoop/share/hadoop/common/lib/hadoop-auth-2.4.0.jar:/usr/local/hadoop/share/hadoop/common/lib/jackson-xc-1.8.8.jar:/usr/local/hadoop/share/hadoop/common/lib/jackson-core-asl-1.8.8.jar:/usr/local/hadoop/share/hadoop/common/lib/xmlenc-0.52.jar:/usr/local/hadoop/share/hadoop/common/lib/jackson-mapper-asl-1.8.8.jar:/usr/local/hadoop/share/hadoop/common/lib/stax-api-1.0-2.jar:/usr/local/hadoop/share/hadoop/common/lib/commons-beanutils-core-1.8.0.jar:/usr/local/hadoop/share/hadoop/common/lib/commons-net-3.1.jar:/usr/local/hadoop/share/hadoop/common/lib/jackson-jaxrs-1.8.8.jar:/usr/local/hadoop/share/hadoop/common/lib/commons-lang-2.6.jar:/usr/local/hadoop/share/hadoop/common/lib/commons-cli-1.2.jar:/usr/local/hadoop/share/hadoop/common/lib/avro-1.7.4.jar:/usr/local/hadoop/share/hadoop/common/lib/jsr305-1.3.9.jar:/usr/local/hadoop/share/hadoop/common/lib/junit-4.8.2.jar:/usr/local/hadoop/share/hadoop/common/lib/snappy-java-1.0.4.1.jar:/usr/local/hadoop/share/hadoop/common/lib/jersey-json-1.9.jar:/usr/local/hadoop/share/hadoop/common/lib/paranamer-2.3.jar:/usr/local/hadoop/share/hadoop/common/lib/hadoop-annotations-2.4.0.jar:/usr/local/hadoop/share/hadoop/common/lib/commons-math3-3.1.1.jar:/usr/local/hadoop/share/hadoop/common/lib/httpcore-4.2.5.jar:/usr/local/hadoop/share/hadoop/common/lib/asm-3.2.jar:/usr/local/hadoop/share/hadoop/common/hadoop-common-2.4.0-tests.jar:/usr/local/hadoop/share/hadoop/common/hadoop-common-2.4.0.jar:/usr/local/hadoop/share/hadoop/common/hadoop-nfs-2.4.0.jar:/usr/local/hadoop/share/hadoop/hdfs:/usr/local/hadoop/share/hadoop/hdfs/lib/jetty-util-6.1.26.jar:/usr/local/hadoop/share/hadoop/hdfs/lib/commons-codec-1.4.jar:/usr/local/hadoop/share/hadoop/hdfs/lib/jersey-server-1.9.jar:/usr/local/hadoop/share/hadoop/hdfs/lib/jersey-core-1.9.jar:/usr/local/hadoop/share/hadoop/hdfs/lib/netty-3.6.2.Final.jar:/usr/local/hadoop/share/hadoop/hdfs/lib/jasper-runtime-5.5.23.jar:/usr/local/hadoop/share/hadoop/hdfs/lib/guava-11.0.2.jar:/usr/local/hadoop/share/hadoop/hdfs/lib/jsp-api-2.1.jar:/usr/local/hadoop/share/hadoop/hdfs/lib/jetty-6.1.26.jar:/usr/local/hadoop/share/hadoop/hdfs/lib/commons-logging-1.1.3.jar:/usr/local/hadoop/share/hadoop/hdfs/lib/commons-el-1.0.jar:/usr/local/hadoop/share/hadoop/hdfs/lib/commons-daemon-1.0.13.jar:/usr/local/hadoop/share/hadoop/hdfs/lib/log4j-1.2.17.jar:/usr/local/hadoop/share/hadoop/hdfs/lib/servlet-api-2.5.jar:/usr/local/hadoop/share/hadoop/hdfs/lib/commons-io-2.4.jar:/usr/local/hadoop/share/hadoop/hdfs/lib/protobuf-java-2.5.0.jar:/usr/local/hadoop/share/hadoop/hdfs/lib/jackson-core-asl-1.8.8.jar:/usr/local/hadoop/share/hadoop/hdfs/lib/xmlenc-0.52.jar:/usr/local/hadoop/share/hadoop/hdfs/lib/jackson-mapper-asl-1.8.8.jar:/usr/local/hadoop/share/hadoop/hdfs/lib/commons-lang-2.6.jar:/usr/local/hadoop/share/hadoop/hdfs/lib/commons-cli-1.2.jar:/usr/local/hadoop/share/hadoop/hdfs/lib/jsr305-1.3.9.jar:/usr/local/hadoop/share/hadoop/hdfs/lib/asm-3.2.jar:/usr/local/hadoop/share/hadoop/hdfs/hadoop-hdfs-2.4.0.jar:/usr/local/hadoop/share/hadoop/hdfs/hadoop-hdfs-2.4.0-tests.jar:/usr/local/hadoop/share/hadoop/hdfs/hadoop-hdfs-nfs-2.4.0.jar:/usr/local/hadoop-2.4.0/share/hadoop/yarn/lib/jetty-util-6.1.26.jar:/usr/local/hadoop-2.4.0/share/hadoop/yarn/lib/commons-codec-1.4.jar:/usr/local/hadoop-2.4.0/share/hadoop/yarn/lib/zookeeper-3.4.5.jar:/usr/local/hadoop-2.4.0/share/hadoop/yarn/lib/jersey-server-1.9.jar:/usr/local/hadoop-2.4.0/share/hadoop/yarn/lib/jersey-core-1.9.jar:/usr/local/hadoop-2.4.0/share/hadoop/yarn/lib/xz-1.0.jar:/usr/local/hadoop-2.4.0/share/hadoop/yarn/lib/commons-httpclient-3.1.jar:/usr/local/hadoop-2.4.0/share/hadoop/yarn/lib/guava-11.0.2.jar:/usr/local/hadoop-2.4.0/share/hadoop/yarn/lib/activation-1.1.jar:/usr/local/hadoop-2.4.0/share/hadoop/yarn/lib/javax.inject-1.jar:/usr/local/hadoop-2.4.0/share/hadoop/yarn/lib/guice-servlet-3.0.jar:/usr/local/hadoop-2.4.0/share/hadoop/yarn/lib/jline-0.9.94.jar:/usr/local/hadoop-2.4.0/share/hadoop/yarn/lib/jetty-6.1.26.jar:/usr/local/hadoop-2.4.0/share/hadoop/yarn/lib/jettison-1.1.jar:/usr/local/hadoop-2.4.0/share/hadoop/yarn/lib/commons-logging-1.1.3.jar:/usr/local/hadoop-2.4.0/share/hadoop/yarn/lib/jaxb-impl-2.2.3-1.jar:/usr/local/hadoop-2.4.0/share/hadoop/yarn/lib/jaxb-api-2.2.2.jar:/usr/local/hadoop-2.4.0/share/hadoop/yarn/lib/log4j-1.2.17.jar:/usr/local/hadoop-2.4.0/share/hadoop/yarn/lib/servlet-api-2.5.jar:/usr/local/hadoop-2.4.0/share/hadoop/yarn/lib/jersey-client-1.9.jar:/usr/local/hadoop-2.4.0/share/hadoop/yarn/lib/commons-io-2.4.jar:/usr/local/hadoop-2.4.0/share/hadoop/yarn/lib/protobuf-java-2.5.0.jar:/usr/local/hadoop-2.4.0/share/hadoop/yarn/lib/commons-compress-1.4.1.jar:/usr/local/hadoop-2.4.0/share/hadoop/yarn/lib/commons-collections-3.2.1.jar:/usr/local/hadoop-2.4.0/share/hadoop/yarn/lib/jackson-xc-1.8.8.jar:/usr/local/hadoop-2.4.0/share/hadoop/yarn/lib/jackson-core-asl-1.8.8.jar:/usr/local/hadoop-2.4.0/share/hadoop/yarn/lib/jersey-guice-1.9.jar:/usr/local/hadoop-2.4.0/share/hadoop/yarn/lib/guice-3.0.jar:/usr/local/hadoop-2.4.0/share/hadoop/yarn/lib/jackson-mapper-asl-1.8.8.jar:/usr/local/hadoop-2.4.0/share/hadoop/yarn/lib/stax-api-1.0-2.jar:/usr/local/hadoop-2.4.0/share/hadoop/yarn/lib/leveldbjni-all-1.8.jar:/usr/local/hadoop-2.4.0/share/hadoop/yarn/lib/jackson-jaxrs-1.8.8.jar:/usr/local/hadoop-2.4.0/share/hadoop/yarn/lib/commons-lang-2.6.jar:/usr/local/hadoop-2.4.0/share/hadoop/yarn/lib/commons-cli-1.2.jar:/usr/local/hadoop-2.4.0/share/hadoop/yarn/lib/jsr305-1.3.9.jar:/usr/local/hadoop-2.4.0/share/hadoop/yarn/lib/aopalliance-1.0.jar:/usr/local/hadoop-2.4.0/share/hadoop/yarn/lib/jersey-json-1.9.jar:/usr/local/hadoop-2.4.0/share/hadoop/yarn/lib/asm-3.2.jar:/usr/local/hadoop-2.4.0/share/hadoop/yarn/hadoop-yarn-server-applicationhistoryservice-2.4.0.jar:/usr/local/hadoop-2.4.0/share/hadoop/yarn/hadoop-yarn-common-2.4.0.jar:/usr/local/hadoop-2.4.0/share/hadoop/yarn/hadoop-yarn-server-web-proxy-2.4.0.jar:/usr/local/hadoop-2.4.0/share/hadoop/yarn/hadoop-yarn-applications-unmanaged-am-launcher-2.4.0.jar:/usr/local/hadoop-2.4.0/share/hadoop/yarn/hadoop-yarn-client-2.4.0.jar:/usr/local/hadoop-2.4.0/share/hadoop/yarn/hadoop-yarn-server-tests-2.4.0.jar:/usr/local/hadoop-2.4.0/share/hadoop/yarn/hadoop-yarn-server-resourcemanager-2.4.0.jar:/usr/local/hadoop-2.4.0/share/hadoop/yarn/hadoop-yarn-server-common-2.4.0.jar:/usr/local/hadoop-2.4.0/share/hadoop/yarn/hadoop-yarn-applications-distributedshell-2.4.0.jar:/usr/local/hadoop-2.4.0/share/hadoop/yarn/hadoop-yarn-server-nodemanager-2.4.0.jar:/usr/local/hadoop-2.4.0/share/hadoop/yarn/hadoop-yarn-api-2.4.0.jar:/usr/local/hadoop/share/hadoop/mapreduce/lib/junit-4.10.jar:/usr/local/hadoop/share/hadoop/mapreduce/lib/jersey-server-1.9.jar:/usr/local/hadoop/share/hadoop/mapreduce/lib/jersey-core-1.9.jar:/usr/local/hadoop/share/hadoop/mapreduce/lib/xz-1.0.jar:/usr/local/hadoop/share/hadoop/mapreduce/lib/netty-3.6.2.Final.jar:/usr/local/hadoop/share/hadoop/mapreduce/lib/javax.inject-1.jar:/usr/local/hadoop/share/hadoop/mapreduce/lib/guice-servlet-3.0.jar:/usr/local/hadoop/share/hadoop/mapreduce/lib/log4j-1.2.17.jar:/usr/local/hadoop/share/hadoop/mapreduce/lib/commons-io-2.4.jar:/usr/local/hadoop/share/hadoop/mapreduce/lib/protobuf-java-2.5.0.jar:/usr/local/hadoop/share/hadoop/mapreduce/lib/commons-compress-1.4.1.jar:/usr/local/hadoop/share/hadoop/mapreduce/lib/hamcrest-core-1.1.jar:/usr/local/hadoop/share/hadoop/mapreduce/lib/jackson-core-asl-1.8.8.jar:/usr/local/hadoop/share/hadoop/mapreduce/lib/jersey-guice-1.9.jar:/usr/local/hadoop/share/hadoop/mapreduce/lib/guice-3.0.jar:/usr/local/hadoop/share/hadoop/mapreduce/lib/jackson-mapper-asl-1.8.8.jar:/usr/local/hadoop/share/hadoop/mapreduce/lib/avro-1.7.4.jar:/usr/local/hadoop/share/hadoop/mapreduce/lib/aopalliance-1.0.jar:/usr/local/hadoop/share/hadoop/mapreduce/lib/snappy-java-1.0.4.1.jar:/usr/local/hadoop/share/hadoop/mapreduce/lib/paranamer-2.3.jar:/usr/local/hadoop/share/hadoop/mapreduce/lib/hadoop-annotations-2.4.0.jar:/usr/local/hadoop/share/hadoop/mapreduce/lib/asm-3.2.jar:/usr/local/hadoop/share/hadoop/mapreduce/hadoop-mapreduce-client-shuffle-2.4.0.jar:/usr/local/hadoop/share/hadoop/mapreduce/hadoop-mapreduce-client-jobclient-2.4.0-tests.jar:/usr/local/hadoop/share/hadoop/mapreduce/hadoop-mapreduce-client-common-2.4.0.jar:/usr/local/hadoop/share/hadoop/mapreduce/hadoop-mapreduce-client-core-2.4.0.jar:/usr/local/hadoop/share/hadoop/mapreduce/hadoop-mapreduce-client-jobclient-2.4.0.jar:/usr/local/hadoop/share/hadoop/mapreduce/hadoop-mapreduce-client-app-2.4.0.jar:/usr/local/hadoop/share/hadoop/mapreduce/hadoop-mapreduce-examples-2.4.0.jar:/usr/local/hadoop/share/hadoop/mapreduce/hadoop-mapreduce-client-hs-plugins-2.4.0.jar:/usr/local/hadoop/share/hadoop/mapreduce/hadoop-mapreduce-client-hs-2.4.0.jar:/usr/local/hadoop/contrib/capacity-scheduler/*.jar:/usr/local/hadoop/contrib/capacity-scheduler/*.jar:/usr/local/hadoop-2.4.0/share/hadoop/yarn/hadoop-yarn-server-applicationhistoryservice-2.4.0.jar:/usr/local/hadoop-2.4.0/share/hadoop/yarn/hadoop-yarn-common-2.4.0.jar:/usr/local/hadoop-2.4.0/share/hadoop/yarn/hadoop-yarn-server-web-proxy-2.4.0.jar:/usr/local/hadoop-2.4.0/share/hadoop/yarn/hadoop-yarn-applications-unmanaged-am-launcher-2.4.0.jar:/usr/local/hadoop-2.4.0/share/hadoop/yarn/hadoop-yarn-client-2.4.0.jar:/usr/local/hadoop-2.4.0/share/hadoop/yarn/hadoop-yarn-server-tests-2.4.0.jar:/usr/local/hadoop-2.4.0/share/hadoop/yarn/hadoop-yarn-server-resourcemanager-2.4.0.jar:/usr/local/hadoop-2.4.0/share/hadoop/yarn/hadoop-yarn-server-common-2.4.0.jar:/usr/local/hadoop-2.4.0/share/hadoop/yarn/hadoop-yarn-applications-distributedshell-2.4.0.jar:/usr/local/hadoop-2.4.0/share/hadoop/yarn/hadoop-yarn-server-nodemanager-2.4.0.jar:/usr/local/hadoop-2.4.0/share/hadoop/yarn/hadoop-yarn-api-2.4.0.jar:/usr/local/hadoop-2.4.0/share/hadoop/yarn/lib/jetty-util-6.1.26.jar:/usr/local/hadoop-2.4.0/share/hadoop/yarn/lib/commons-codec-1.4.jar:/usr/local/hadoop-2.4.0/share/hadoop/yarn/lib/zookeeper-3.4.5.jar:/usr/local/hadoop-2.4.0/share/hadoop/yarn/lib/jersey-server-1.9.jar:/usr/local/hadoop-2.4.0/share/hadoop/yarn/lib/jersey-core-1.9.jar:/usr/local/hadoop-2.4.0/share/hadoop/yarn/lib/xz-1.0.jar:/usr/local/hadoop-2.4.0/share/hadoop/yarn/lib/commons-httpclient-3.1.jar:/usr/local/hadoop-2.4.0/share/hadoop/yarn/lib/guava-11.0.2.jar:/usr/local/hadoop-2.4.0/share/hadoop/yarn/lib/activation-1.1.jar:/usr/local/hadoop-2.4.0/share/hadoop/yarn/lib/javax.inject-1.jar:/usr/local/hadoop-2.4.0/share/hadoop/yarn/lib/guice-servlet-3.0.jar:/usr/local/hadoop-2.4.0/share/hadoop/yarn/lib/jline-0.9.94.jar:/usr/local/hadoop-2.4.0/share/hadoop/yarn/lib/jetty-6.1.26.jar:/usr/local/hadoop-2.4.0/share/hadoop/yarn/lib/jettison-1.1.jar:/usr/local/hadoop-2.4.0/share/hadoop/yarn/lib/commons-logging-1.1.3.jar:/usr/local/hadoop-2.4.0/share/hadoop/yarn/lib/jaxb-impl-2.2.3-1.jar:/usr/local/hadoop-2.4.0/share/hadoop/yarn/lib/jaxb-api-2.2.2.jar:/usr/local/hadoop-2.4.0/share/hadoop/yarn/lib/log4j-1.2.17.jar:/usr/local/hadoop-2.4.0/share/hadoop/yarn/lib/servlet-api-2.5.jar:/usr/local/hadoop-2.4.0/share/hadoop/yarn/lib/jersey-client-1.9.jar:/usr/local/hadoop-2.4.0/share/hadoop/yarn/lib/commons-io-2.4.jar:/usr/local/hadoop-2.4.0/share/hadoop/yarn/lib/protobuf-java-2.5.0.jar:/usr/local/hadoop-2.4.0/share/hadoop/yarn/lib/commons-compress-1.4.1.jar:/usr/local/hadoop-2.4.0/share/hadoop/yarn/lib/commons-collections-3.2.1.jar:/usr/local/hadoop-2.4.0/share/hadoop/yarn/lib/jackson-xc-1.8.8.jar:/usr/local/hadoop-2.4.0/share/hadoop/yarn/lib/jackson-core-asl-1.8.8.jar:/usr/local/hadoop-2.4.0/share/hadoop/yarn/lib/jersey-guice-1.9.jar:/usr/local/hadoop-2.4.0/share/hadoop/yarn/lib/guice-3.0.jar:/usr/local/hadoop-2.4.0/share/hadoop/yarn/lib/jackson-mapper-asl-1.8.8.jar:/usr/local/hadoop-2.4.0/share/hadoop/yarn/lib/stax-api-1.0-2.jar:/usr/local/hadoop-2.4.0/share/hadoop/yarn/lib/leveldbjni-all-1.8.jar:/usr/local/hadoop-2.4.0/share/hadoop/yarn/lib/jackson-jaxrs-1.8.8.jar:/usr/local/hadoop-2.4.0/share/hadoop/yarn/lib/commons-lang-2.6.jar:/usr/local/hadoop-2.4.0/share/hadoop/yarn/lib/commons-cli-1.2.jar:/usr/local/hadoop-2.4.0/share/hadoop/yarn/lib/jsr305-1.3.9.jar:/usr/local/hadoop-2.4.0/share/hadoop/yarn/lib/aopalliance-1.0.jar:/usr/local/hadoop-2.4.0/share/hadoop/yarn/lib/jersey-json-1.9.jar:/usr/local/hadoop-2.4.0/share/hadoop/yarn/lib/asm-3.2.jar:/usr/local/hadoop/etc/hadoop/nm-config/log4j.properties
STARTUP_MSG:   build = Unknown -r Unknown; compiled by 'hduser' on 2014-06-05T11:04Z
STARTUP_MSG:   java = 1.7.0_65
************************************************************/
2014-08-13 21:46:01,189 INFO org.apache.hadoop.yarn.server.nodemanager.NodeManager: registered UNIX signal handlers for [TERM, HUP, INT]
2014-08-13 21:46:01,944 INFO org.apache.hadoop.yarn.event.AsyncDispatcher: Registering class org.apache.hadoop.yarn.server.nodemanager.containermanager.container.ContainerEventType for class org.apache.hadoop.yarn.server.nodemanager.containermanager.ContainerManagerImpl$ContainerEventDispatcher
2014-08-13 21:46:01,945 INFO org.apache.hadoop.yarn.event.AsyncDispatcher: Registering class org.apache.hadoop.yarn.server.nodemanager.containermanager.application.ApplicationEventType for class org.apache.hadoop.yarn.server.nodemanager.containermanager.ContainerManagerImpl$ApplicationEventDispatcher
2014-08-13 21:46:01,946 INFO org.apache.hadoop.yarn.event.AsyncDispatcher: Registering class org.apache.hadoop.yarn.server.nodemanager.containermanager.localizer.event.LocalizationEventType for class org.apache.hadoop.yarn.server.nodemanager.containermanager.localizer.ResourceLocalizationService
2014-08-13 21:46:01,946 INFO org.apache.hadoop.yarn.event.AsyncDispatcher: Registering class org.apache.hadoop.yarn.server.nodemanager.containermanager.AuxServicesEventType for class org.apache.hadoop.yarn.server.nodemanager.containermanager.AuxServices
2014-08-13 21:46:01,946 INFO org.apache.hadoop.yarn.event.AsyncDispatcher: Registering class org.apache.hadoop.yarn.server.nodemanager.containermanager.monitor.ContainersMonitorEventType for class org.apache.hadoop.yarn.server.nodemanager.containermanager.monitor.ContainersMonitorImpl
2014-08-13 21:46:01,947 INFO org.apache.hadoop.yarn.event.AsyncDispatcher: Registering class org.apache.hadoop.yarn.server.nodemanager.containermanager.launcher.ContainersLauncherEventType for class org.apache.hadoop.yarn.server.nodemanager.containermanager.launcher.ContainersLauncher
2014-08-13 21:46:01,963 INFO org.apache.hadoop.yarn.event.AsyncDispatcher: Registering class org.apache.hadoop.yarn.server.nodemanager.ContainerManagerEventType for class org.apache.hadoop.yarn.server.nodemanager.containermanager.ContainerManagerImpl
2014-08-13 21:46:01,964 INFO org.apache.hadoop.yarn.event.AsyncDispatcher: Registering class org.apache.hadoop.yarn.server.nodemanager.NodeManagerEventType for class org.apache.hadoop.yarn.server.nodemanager.NodeManager
2014-08-13 21:46:01,994 INFO org.apache.hadoop.metrics2.impl.MetricsConfig: loaded properties from hadoop-metrics2.properties
2014-08-13 21:46:02,070 INFO org.apache.hadoop.metrics2.impl.MetricsSystemImpl: Scheduled snapshot period at 10 second(s).
2014-08-13 21:46:02,070 INFO org.apache.hadoop.metrics2.impl.MetricsSystemImpl: NodeManager metrics system started
2014-08-13 21:46:02,105 INFO org.apache.hadoop.yarn.event.AsyncDispatcher: Registering class org.apache.hadoop.yarn.server.nodemanager.containermanager.loghandler.event.LogHandlerEventType for class org.apache.hadoop.yarn.server.nodemanager.containermanager.loghandler.NonAggregatingLogHandler
2014-08-13 21:46:02,105 INFO org.apache.hadoop.yarn.server.nodemanager.containermanager.localizer.ResourceLocalizationService: per directory file limit = 8192
2014-08-13 21:46:02,131 INFO org.apache.hadoop.yarn.server.nodemanager.containermanager.localizer.ResourceLocalizationService: usercache path : file:/home/hdfs/data/tmp/nm-local-dir/usercache_DEL_1407946562106
2014-08-13 21:46:02,137 INFO org.apache.hadoop.yarn.server.nodemanager.DefaultContainerExecutor: Deleting path : file:/home/hdfs/data/tmp/nm-local-dir/usercache_DEL_1407946562106/hduser
2014-08-13 21:46:02,150 INFO org.apache.hadoop.yarn.event.AsyncDispatcher: Registering class org.apache.hadoop.yarn.server.nodemanager.containermanager.localizer.event.LocalizerEventType for class org.apache.hadoop.yarn.server.nodemanager.containermanager.localizer.ResourceLocalizationService$LocalizerTracker
2014-08-13 21:46:02,224 WARN org.apache.hadoop.yarn.server.nodemanager.containermanager.AuxServices: The Auxilurary Service named 'mapreduce_shuffle' in the configuration is for class class org.apache.hadoop.mapred.ShuffleHandler which has a name of 'httpshuffle'. Because these are not the same tools trying to send ServiceData and read Service Meta Data may have issues unless the refer to the name in the config.
2014-08-13 21:46:02,224 INFO org.apache.hadoop.yarn.server.nodemanager.containermanager.AuxServices: Adding auxiliary service httpshuffle, "mapreduce_shuffle"
2014-08-13 21:46:02,260 INFO org.apache.hadoop.yarn.server.nodemanager.containermanager.monitor.ContainersMonitorImpl:  Using ResourceCalculatorPlugin : org.apache.hadoop.yarn.util.LinuxResourceCalculatorPlugin@6e7f2886
2014-08-13 21:46:02,260 INFO org.apache.hadoop.yarn.server.nodemanager.containermanager.monitor.ContainersMonitorImpl:  Using ResourceCalculatorProcessTree : null
2014-08-13 21:46:02,260 INFO org.apache.hadoop.yarn.server.nodemanager.containermanager.monitor.ContainersMonitorImpl: Physical memory check enabled: true
2014-08-13 21:46:02,260 INFO org.apache.hadoop.yarn.server.nodemanager.containermanager.monitor.ContainersMonitorImpl: Virtual memory check enabled: true
2014-08-13 21:46:02,263 WARN org.apache.hadoop.yarn.server.nodemanager.containermanager.monitor.ContainersMonitorImpl: NodeManager configured with 8 G physical memory allocated to containers, which is more than 80% of the total physical memory available (7.6 G). Thrashing might happen.
2014-08-13 21:46:02,266 INFO org.apache.hadoop.yarn.server.nodemanager.NodeStatusUpdaterImpl: Initialized nodemanager for null: physical-memory=8192 virtual-memory=17204 virtual-cores=8
2014-08-13 21:46:02,295 INFO org.apache.hadoop.ipc.CallQueueManager: Using callQueue class java.util.concurrent.LinkedBlockingQueue
2014-08-13 21:46:02,309 INFO org.apache.hadoop.ipc.Server: Starting Socket Reader #1 for port 56794
2014-08-13 21:46:02,328 INFO org.apache.hadoop.yarn.factories.impl.pb.RpcServerFactoryPBImpl: Adding protocol org.apache.hadoop.yarn.api.ContainerManagementProtocolPB to the server
2014-08-13 21:46:02,328 INFO org.apache.hadoop.yarn.server.nodemanager.containermanager.ContainerManagerImpl: Blocking new container-requests as container manager rpc server is still starting.
2014-08-13 21:46:02,329 INFO org.apache.hadoop.ipc.Server: IPC Server Responder: starting
2014-08-13 21:46:02,329 INFO org.apache.hadoop.ipc.Server: IPC Server listener on 56794: starting
2014-08-13 21:46:02,346 INFO org.apache.hadoop.yarn.server.nodemanager.security.NMContainerTokenSecretManager: Updating node address : rticdev.igatecorp.com:56794
2014-08-13 21:46:02,346 INFO org.apache.hadoop.yarn.server.nodemanager.containermanager.ContainerManagerImpl: ContainerManager started at rticdev.igatecorp.com/172.16.1.31:56794
2014-08-13 21:46:02,366 INFO org.apache.hadoop.ipc.CallQueueManager: Using callQueue class java.util.concurrent.LinkedBlockingQueue
2014-08-13 21:46:02,367 INFO org.apache.hadoop.ipc.Server: Starting Socket Reader #1 for port 8040
2014-08-13 21:46:02,369 INFO org.apache.hadoop.yarn.factories.impl.pb.RpcServerFactoryPBImpl: Adding protocol org.apache.hadoop.yarn.server.nodemanager.api.LocalizationProtocolPB to the server
2014-08-13 21:46:02,369 INFO org.apache.hadoop.ipc.Server: IPC Server Responder: starting
2014-08-13 21:46:02,370 INFO org.apache.hadoop.ipc.Server: IPC Server listener on 8040: starting
2014-08-13 21:46:02,378 INFO org.apache.hadoop.yarn.server.nodemanager.containermanager.localizer.ResourceLocalizationService: Localizer started on port 8040
2014-08-13 21:46:02,412 INFO org.apache.hadoop.mapred.IndexCache: IndexCache created with max memory = 10485760
2014-08-13 21:46:02,422 INFO org.apache.hadoop.mapred.ShuffleHandler: httpshuffle listening on port 13562
2014-08-13 21:46:02,424 INFO org.apache.hadoop.yarn.server.nodemanager.webapp.WebServer: Instantiating NMWebApp at 0.0.0.0:8042
2014-08-13 21:46:02,469 INFO org.mortbay.log: Logging to org.slf4j.impl.Log4jLoggerAdapter(org.mortbay.log) via org.mortbay.log.Slf4jLog
2014-08-13 21:46:02,472 INFO org.apache.hadoop.http.HttpRequestLog: Http request log for http.requests.nodemanager is not defined
2014-08-13 21:46:02,481 INFO org.apache.hadoop.http.HttpServer2: Added global filter 'safety' (class=org.apache.hadoop.http.HttpServer2$QuotingInputFilter)
2014-08-13 21:46:02,483 INFO org.apache.hadoop.http.HttpServer2: Added filter static_user_filter (class=org.apache.hadoop.http.lib.StaticUserWebFilter$StaticUserFilter) to context node
2014-08-13 21:46:02,483 INFO org.apache.hadoop.http.HttpServer2: Added filter static_user_filter (class=org.apache.hadoop.http.lib.StaticUserWebFilter$StaticUserFilter) to context logs
2014-08-13 21:46:02,483 INFO org.apache.hadoop.http.HttpServer2: Added filter static_user_filter (class=org.apache.hadoop.http.lib.StaticUserWebFilter$StaticUserFilter) to context static
2014-08-13 21:46:02,486 INFO org.apache.hadoop.http.HttpServer2: adding path spec: /node/*
2014-08-13 21:46:02,486 INFO org.apache.hadoop.http.HttpServer2: adding path spec: /ws/*
2014-08-13 21:46:02,495 INFO org.apache.hadoop.http.HttpServer2: Jetty bound to port 8042
2014-08-13 21:46:02,495 INFO org.mortbay.log: jetty-6.1.26
2014-08-13 21:46:02,522 INFO org.mortbay.log: Extract jar:file:/usr/local/hadoop-2.4.0/share/hadoop/yarn/hadoop-yarn-common-2.4.0.jar!/webapps/node to /tmp/Jetty_0_0_0_0_8042_node____19tj0x/webapp
2014-08-13 21:46:02,744 INFO org.mortbay.log: Started SelectChannelConnector@0.0.0.0:8042
2014-08-13 21:46:02,744 INFO org.apache.hadoop.yarn.webapp.WebApps: Web app /node started at 8042
2014-08-13 21:46:02,997 INFO org.apache.hadoop.yarn.webapp.WebApps: Registered webapp guice modules
2014-08-13 21:46:03,003 INFO org.apache.hadoop.yarn.client.RMProxy: Connecting to ResourceManager at /0.0.0.0:8031
2014-08-13 21:46:03,026 INFO org.apache.hadoop.yarn.server.nodemanager.NodeStatusUpdaterImpl: Registering with RM using finished containers :[]
2014-08-13 21:46:03,165 INFO org.apache.hadoop.yarn.server.nodemanager.security.NMContainerTokenSecretManager: Rolling master-key for container-tokens, got key with id 1669004341
2014-08-13 21:46:03,194 INFO org.apache.hadoop.yarn.server.nodemanager.security.NMTokenSecretManagerInNM: Rolling master-key for nm-tokens, got key with id :-183264214
2014-08-13 21:46:03,195 INFO org.apache.hadoop.yarn.server.nodemanager.NodeStatusUpdaterImpl: Registered with ResourceManager as rticdev.igatecorp.com:56794 with total resource of <memory:8192, vCores:8>
2014-08-13 21:46:03,195 INFO org.apache.hadoop.yarn.server.nodemanager.NodeStatusUpdaterImpl: Notifying ContainerManager to unblock new container-requests
2014-08-13 21:48:08,605 INFO SecurityLogger.org.apache.hadoop.ipc.Server: Auth successful for appattempt_1407946440243_0001_000001 (auth:SIMPLE)
2014-08-13 21:48:08,705 INFO org.apache.hadoop.yarn.server.nodemanager.containermanager.ContainerManagerImpl: Start request for container_1407946440243_0001_01_000001 by user hduser
2014-08-13 21:48:08,722 INFO org.apache.hadoop.yarn.server.nodemanager.containermanager.ContainerManagerImpl: Creating a new application reference for app application_1407946440243_0001
2014-08-13 21:48:08,724 INFO org.apache.hadoop.yarn.server.nodemanager.NMAuditLogger: USER=hduser	IP=172.16.1.31	OPERATION=Start Container Request	TARGET=ContainerManageImpl	RESULT=SUCCESS	APPID=application_1407946440243_0001	CONTAINERID=container_1407946440243_0001_01_000001
2014-08-13 21:48:08,724 INFO org.apache.hadoop.yarn.server.nodemanager.containermanager.application.Application: Application application_1407946440243_0001 transitioned from NEW to INITING
2014-08-13 21:48:08,724 INFO org.apache.hadoop.yarn.server.nodemanager.containermanager.application.Application: Adding container_1407946440243_0001_01_000001 to application application_1407946440243_0001
2014-08-13 21:48:08,728 INFO org.apache.hadoop.yarn.server.nodemanager.containermanager.application.Application: Application application_1407946440243_0001 transitioned from INITING to RUNNING
2014-08-13 21:48:08,733 INFO org.apache.hadoop.yarn.server.nodemanager.containermanager.container.Container: Container container_1407946440243_0001_01_000001 transitioned from NEW to LOCALIZING
2014-08-13 21:48:08,733 INFO org.apache.hadoop.yarn.server.nodemanager.containermanager.AuxServices: Got event CONTAINER_INIT for appId application_1407946440243_0001
2014-08-13 21:48:08,759 INFO org.apache.hadoop.yarn.server.nodemanager.containermanager.localizer.LocalizedResource: Resource hdfs://localhost:9000/tmp/hadoop-yarn/staging/hduser/.staging/job_1407946440243_0001/job.jar transitioned from INIT to DOWNLOADING
2014-08-13 21:48:08,759 INFO org.apache.hadoop.yarn.server.nodemanager.containermanager.localizer.LocalizedResource: Resource hdfs://localhost:9000/tmp/hadoop-yarn/staging/hduser/.staging/job_1407946440243_0001/job.splitmetainfo transitioned from INIT to DOWNLOADING
2014-08-13 21:48:08,759 INFO org.apache.hadoop.yarn.server.nodemanager.containermanager.localizer.LocalizedResource: Resource hdfs://localhost:9000/tmp/hadoop-yarn/staging/hduser/.staging/job_1407946440243_0001/job.split transitioned from INIT to DOWNLOADING
2014-08-13 21:48:08,759 INFO org.apache.hadoop.yarn.server.nodemanager.containermanager.localizer.LocalizedResource: Resource hdfs://localhost:9000/tmp/hadoop-yarn/staging/hduser/.staging/job_1407946440243_0001/job.xml transitioned from INIT to DOWNLOADING
2014-08-13 21:48:08,759 INFO org.apache.hadoop.yarn.server.nodemanager.containermanager.localizer.ResourceLocalizationService: Created localizer for container_1407946440243_0001_01_000001
2014-08-13 21:48:08,857 INFO org.apache.hadoop.yarn.server.nodemanager.containermanager.localizer.ResourceLocalizationService: Writing credentials to the nmPrivate file /home/hdfs/data/tmp/nm-local-dir/nmPrivate/container_1407946440243_0001_01_000001.tokens. Credentials list: 
2014-08-13 21:48:08,860 INFO org.apache.hadoop.yarn.server.nodemanager.DefaultContainerExecutor: Initializing user hduser
2014-08-13 21:48:08,900 INFO org.apache.hadoop.yarn.server.nodemanager.DefaultContainerExecutor: Copying from /home/hdfs/data/tmp/nm-local-dir/nmPrivate/container_1407946440243_0001_01_000001.tokens to /home/hdfs/data/tmp/nm-local-dir/usercache/hduser/appcache/application_1407946440243_0001/container_1407946440243_0001_01_000001.tokens
2014-08-13 21:48:08,900 INFO org.apache.hadoop.yarn.server.nodemanager.DefaultContainerExecutor: CWD set to /home/hdfs/data/tmp/nm-local-dir/usercache/hduser/appcache/application_1407946440243_0001 = file:/home/hdfs/data/tmp/nm-local-dir/usercache/hduser/appcache/application_1407946440243_0001
2014-08-13 21:48:09,536 INFO org.apache.hadoop.yarn.server.nodemanager.containermanager.localizer.LocalizedResource: Resource hdfs://localhost:9000/tmp/hadoop-yarn/staging/hduser/.staging/job_1407946440243_0001/job.jar(->file:/home/hdfs/data/tmp/nm-local-dir/usercache/hduser/appcache/application_1407946440243_0001/filecache/10/job.jar) transitioned from DOWNLOADING to LOCALIZED
2014-08-13 21:48:09,553 INFO org.apache.hadoop.yarn.server.nodemanager.containermanager.localizer.LocalizedResource: Resource hdfs://localhost:9000/tmp/hadoop-yarn/staging/hduser/.staging/job_1407946440243_0001/job.splitmetainfo(->file:/home/hdfs/data/tmp/nm-local-dir/usercache/hduser/appcache/application_1407946440243_0001/filecache/11/job.splitmetainfo) transitioned from DOWNLOADING to LOCALIZED
2014-08-13 21:48:09,566 INFO org.apache.hadoop.yarn.server.nodemanager.containermanager.localizer.LocalizedResource: Resource hdfs://localhost:9000/tmp/hadoop-yarn/staging/hduser/.staging/job_1407946440243_0001/job.split(->file:/home/hdfs/data/tmp/nm-local-dir/usercache/hduser/appcache/application_1407946440243_0001/filecache/12/job.split) transitioned from DOWNLOADING to LOCALIZED
2014-08-13 21:48:09,581 INFO org.apache.hadoop.yarn.server.nodemanager.containermanager.localizer.LocalizedResource: Resource hdfs://localhost:9000/tmp/hadoop-yarn/staging/hduser/.staging/job_1407946440243_0001/job.xml(->file:/home/hdfs/data/tmp/nm-local-dir/usercache/hduser/appcache/application_1407946440243_0001/filecache/13/job.xml) transitioned from DOWNLOADING to LOCALIZED
2014-08-13 21:48:09,581 INFO org.apache.hadoop.yarn.server.nodemanager.containermanager.container.Container: Container container_1407946440243_0001_01_000001 transitioned from LOCALIZING to LOCALIZED
2014-08-13 21:48:09,621 INFO org.apache.hadoop.yarn.server.nodemanager.containermanager.container.Container: Container container_1407946440243_0001_01_000001 transitioned from LOCALIZED to RUNNING
2014-08-13 21:48:09,627 INFO org.apache.hadoop.yarn.server.nodemanager.DefaultContainerExecutor: launchContainer: [nice, -n, 0, bash, /home/hdfs/data/tmp/nm-local-dir/usercache/hduser/appcache/application_1407946440243_0001/container_1407946440243_0001_01_000001/default_container_executor.sh]
2014-08-13 21:48:11,428 INFO org.apache.hadoop.yarn.server.nodemanager.containermanager.monitor.ContainersMonitorImpl: Starting resource-monitoring for container_1407946440243_0001_01_000001
2014-08-13 21:48:11,496 INFO org.apache.hadoop.yarn.server.nodemanager.containermanager.monitor.ContainersMonitorImpl: Memory usage of ProcessTree 1888 for container-id container_1407946440243_0001_01_000001: 131 MB of 2 GB physical memory used; 1.7 GB of 4.2 GB virtual memory used
2014-08-13 21:48:14,533 INFO org.apache.hadoop.yarn.server.nodemanager.containermanager.monitor.ContainersMonitorImpl: Memory usage of ProcessTree 1888 for container-id container_1407946440243_0001_01_000001: 199 MB of 2 GB physical memory used; 1.8 GB of 4.2 GB virtual memory used
2014-08-13 21:48:14,834 INFO SecurityLogger.org.apache.hadoop.ipc.Server: Auth successful for appattempt_1407946440243_0001_000001 (auth:SIMPLE)
2014-08-13 21:48:14,838 INFO org.apache.hadoop.yarn.server.nodemanager.containermanager.ContainerManagerImpl: Start request for container_1407946440243_0001_01_000002 by user hduser
2014-08-13 21:48:14,838 INFO org.apache.hadoop.yarn.server.nodemanager.containermanager.application.Application: Adding container_1407946440243_0001_01_000002 to application application_1407946440243_0001
2014-08-13 21:48:14,839 INFO org.apache.hadoop.yarn.server.nodemanager.containermanager.container.Container: Container container_1407946440243_0001_01_000002 transitioned from NEW to LOCALIZING
2014-08-13 21:48:14,839 INFO org.apache.hadoop.yarn.server.nodemanager.containermanager.AuxServices: Got event CONTAINER_INIT for appId application_1407946440243_0001
2014-08-13 21:48:14,839 INFO org.apache.hadoop.yarn.server.nodemanager.containermanager.AuxServices: Got event APPLICATION_INIT for appId application_1407946440243_0001
2014-08-13 21:48:14,839 INFO org.apache.hadoop.yarn.server.nodemanager.containermanager.AuxServices: Got APPLICATION_INIT for service mapreduce_shuffle
2014-08-13 21:48:14,841 INFO org.apache.hadoop.mapred.ShuffleHandler: Added token for job_1407946440243_0001
2014-08-13 21:48:14,838 INFO org.apache.hadoop.yarn.server.nodemanager.NMAuditLogger: USER=hduser	IP=172.16.1.31	OPERATION=Start Container Request	TARGET=ContainerManageImpl	RESULT=SUCCESS	APPID=application_1407946440243_0001	CONTAINERID=container_1407946440243_0001_01_000002
2014-08-13 21:48:14,842 INFO org.apache.hadoop.yarn.server.nodemanager.containermanager.container.Container: Container container_1407946440243_0001_01_000002 transitioned from LOCALIZING to LOCALIZED
2014-08-13 21:48:14,860 INFO org.apache.hadoop.yarn.server.nodemanager.containermanager.container.Container: Container container_1407946440243_0001_01_000002 transitioned from LOCALIZED to RUNNING
2014-08-13 21:48:14,864 INFO org.apache.hadoop.yarn.server.nodemanager.DefaultContainerExecutor: launchContainer: [nice, -n, 0, bash, /home/hdfs/data/tmp/nm-local-dir/usercache/hduser/appcache/application_1407946440243_0001/container_1407946440243_0001_01_000002/default_container_executor.sh]
2014-08-13 21:48:17,332 INFO org.apache.hadoop.yarn.server.nodemanager.containermanager.ContainerManagerImpl: Stopping container with container Id: container_1407946440243_0001_01_000002
2014-08-13 21:48:17,333 INFO org.apache.hadoop.yarn.server.nodemanager.NMAuditLogger: USER=hduser	IP=172.16.1.31	OPERATION=Stop Container Request	TARGET=ContainerManageImpl	RESULT=SUCCESS	APPID=application_1407946440243_0001	CONTAINERID=container_1407946440243_0001_01_000002
2014-08-13 21:48:17,333 INFO org.apache.hadoop.yarn.server.nodemanager.containermanager.container.Container: Container container_1407946440243_0001_01_000002 transitioned from RUNNING to KILLING
2014-08-13 21:48:17,333 INFO org.apache.hadoop.yarn.server.nodemanager.containermanager.launcher.ContainerLaunch: Cleaning up container container_1407946440243_0001_01_000002
2014-08-13 21:48:17,338 WARN org.apache.hadoop.yarn.server.nodemanager.DefaultContainerExecutor: Exit code from container container_1407946440243_0001_01_000002 is : 143
2014-08-13 21:48:17,368 INFO org.apache.hadoop.yarn.server.nodemanager.containermanager.container.Container: Container container_1407946440243_0001_01_000002 transitioned from KILLING to CONTAINER_CLEANEDUP_AFTER_KILL
2014-08-13 21:48:17,369 INFO org.apache.hadoop.yarn.server.nodemanager.DefaultContainerExecutor: Deleting absolute path : /home/hdfs/data/tmp/nm-local-dir/usercache/hduser/appcache/application_1407946440243_0001/container_1407946440243_0001_01_000002
2014-08-13 21:48:17,370 INFO org.apache.hadoop.yarn.server.nodemanager.NMAuditLogger: USER=hduser	OPERATION=Container Finished - Killed	TARGET=ContainerImpl	RESULT=SUCCESS	APPID=application_1407946440243_0001	CONTAINERID=container_1407946440243_0001_01_000002
2014-08-13 21:48:17,371 INFO org.apache.hadoop.yarn.server.nodemanager.containermanager.container.Container: Container container_1407946440243_0001_01_000002 transitioned from CONTAINER_CLEANEDUP_AFTER_KILL to DONE
2014-08-13 21:48:17,371 INFO org.apache.hadoop.yarn.server.nodemanager.containermanager.application.Application: Removing container_1407946440243_0001_01_000002 from application application_1407946440243_0001
2014-08-13 21:48:17,372 INFO org.apache.hadoop.yarn.server.nodemanager.containermanager.AuxServices: Got event CONTAINER_STOP for appId application_1407946440243_0001
2014-08-13 21:48:17,533 INFO org.apache.hadoop.yarn.server.nodemanager.containermanager.monitor.ContainersMonitorImpl: Starting resource-monitoring for container_1407946440243_0001_01_000002
2014-08-13 21:48:17,533 INFO org.apache.hadoop.yarn.server.nodemanager.containermanager.monitor.ContainersMonitorImpl: Stopping resource-monitoring for container_1407946440243_0001_01_000002
2014-08-13 21:48:17,556 INFO org.apache.hadoop.yarn.server.nodemanager.containermanager.monitor.ContainersMonitorImpl: Memory usage of ProcessTree 1888 for container-id container_1407946440243_0001_01_000001: 219.7 MB of 2 GB physical memory used; 1.8 GB of 4.2 GB virtual memory used
2014-08-13 21:48:18,337 INFO org.apache.hadoop.yarn.server.nodemanager.NodeStatusUpdaterImpl: Removed completed containers from NM context: [container_1407946440243_0001_01_000002]
2014-08-13 21:48:20,586 INFO org.apache.hadoop.yarn.server.nodemanager.containermanager.monitor.ContainersMonitorImpl: Memory usage of ProcessTree 1888 for container-id container_1407946440243_0001_01_000001: 220.5 MB of 2 GB physical memory used; 1.8 GB of 4.2 GB virtual memory used
2014-08-13 21:48:23,607 INFO org.apache.hadoop.yarn.server.nodemanager.containermanager.monitor.ContainersMonitorImpl: Memory usage of ProcessTree 1888 for container-id container_1407946440243_0001_01_000001: 229.5 MB of 2 GB physical memory used; 1.8 GB of 4.2 GB virtual memory used
2014-08-13 21:48:24,791 INFO org.apache.hadoop.yarn.server.nodemanager.containermanager.launcher.ContainerLaunch: Container container_1407946440243_0001_01_000001 succeeded 
2014-08-13 21:48:24,792 INFO org.apache.hadoop.yarn.server.nodemanager.containermanager.container.Container: Container container_1407946440243_0001_01_000001 transitioned from RUNNING to EXITED_WITH_SUCCESS
2014-08-13 21:48:24,792 INFO org.apache.hadoop.yarn.server.nodemanager.containermanager.launcher.ContainerLaunch: Cleaning up container container_1407946440243_0001_01_000001
2014-08-13 21:48:24,804 INFO org.apache.hadoop.yarn.server.nodemanager.DefaultContainerExecutor: Deleting absolute path : /home/hdfs/data/tmp/nm-local-dir/usercache/hduser/appcache/application_1407946440243_0001/container_1407946440243_0001_01_000001
2014-08-13 21:48:24,805 INFO org.apache.hadoop.yarn.server.nodemanager.NMAuditLogger: USER=hduser	OPERATION=Container Finished - Succeeded	TARGET=ContainerImpl	RESULT=SUCCESS	APPID=application_1407946440243_0001	CONTAINERID=container_1407946440243_0001_01_000001
2014-08-13 21:48:24,805 INFO org.apache.hadoop.yarn.server.nodemanager.containermanager.container.Container: Container container_1407946440243_0001_01_000001 transitioned from EXITED_WITH_SUCCESS to DONE
2014-08-13 21:48:24,805 INFO org.apache.hadoop.yarn.server.nodemanager.containermanager.application.Application: Removing container_1407946440243_0001_01_000001 from application application_1407946440243_0001
2014-08-13 21:48:24,805 INFO org.apache.hadoop.yarn.server.nodemanager.containermanager.AuxServices: Got event CONTAINER_STOP for appId application_1407946440243_0001
2014-08-13 21:48:25,351 INFO org.apache.hadoop.yarn.server.nodemanager.NodeStatusUpdaterImpl: Removed completed containers from NM context: [container_1407946440243_0001_01_000001]
2014-08-13 21:48:25,366 INFO SecurityLogger.org.apache.hadoop.ipc.Server: Auth successful for appattempt_1407946440243_0001_000001 (auth:SIMPLE)
2014-08-13 21:48:25,371 INFO org.apache.hadoop.yarn.server.nodemanager.containermanager.ContainerManagerImpl: Stopping container with container Id: container_1407946440243_0001_01_000001
2014-08-13 21:48:26,356 INFO org.apache.hadoop.yarn.server.nodemanager.containermanager.application.Application: Application application_1407946440243_0001 transitioned from RUNNING to APPLICATION_RESOURCES_CLEANINGUP
2014-08-13 21:48:26,357 INFO org.apache.hadoop.yarn.server.nodemanager.DefaultContainerExecutor: Deleting absolute path : /home/hdfs/data/tmp/nm-local-dir/usercache/hduser/appcache/application_1407946440243_0001
2014-08-13 21:48:26,357 INFO org.apache.hadoop.yarn.server.nodemanager.containermanager.AuxServices: Got event APPLICATION_STOP for appId application_1407946440243_0001
2014-08-13 21:48:26,358 INFO org.apache.hadoop.yarn.server.nodemanager.containermanager.application.Application: Application application_1407946440243_0001 transitioned from APPLICATION_RESOURCES_CLEANINGUP to FINISHED
2014-08-13 21:48:26,359 INFO org.apache.hadoop.yarn.server.nodemanager.containermanager.loghandler.NonAggregatingLogHandler: Scheduling Log Deletion for application: application_1407946440243_0001, with delay of 10800 seconds
2014-08-13 21:48:26,607 INFO org.apache.hadoop.yarn.server.nodemanager.containermanager.monitor.ContainersMonitorImpl: Stopping resource-monitoring for container_1407946440243_0001_01_000001
2014-08-14 00:48:26,360 INFO org.apache.hadoop.yarn.server.nodemanager.DefaultContainerExecutor: Deleting path : /usr/local/hadoop-2.4.0/logs/userlogs/application_1407946440243_0001
2014-08-14 15:01:32,820 ERROR org.apache.hadoop.yarn.server.nodemanager.NodeManager: RECEIVED SIGNAL 15: SIGTERM
2014-08-14 15:01:32,825 INFO org.mortbay.log: Stopped SelectChannelConnector@0.0.0.0:8042
2014-08-14 15:01:32,926 INFO org.apache.hadoop.ipc.Server: Stopping server on 56794
2014-08-14 15:01:32,926 INFO org.apache.hadoop.ipc.Server: Stopping IPC Server listener on 56794
2014-08-14 15:01:32,926 INFO org.apache.hadoop.ipc.Server: Stopping IPC Server Responder
2014-08-14 15:01:32,928 WARN org.apache.hadoop.yarn.server.nodemanager.containermanager.monitor.ContainersMonitorImpl: org.apache.hadoop.yarn.server.nodemanager.containermanager.monitor.ContainersMonitorImpl is interrupted. Exiting.
2014-08-14 15:01:32,966 INFO org.apache.hadoop.ipc.Server: Stopping server on 8040
2014-08-14 15:01:32,967 INFO org.apache.hadoop.ipc.Server: Stopping IPC Server listener on 8040
2014-08-14 15:01:32,967 INFO org.apache.hadoop.ipc.Server: Stopping IPC Server Responder
2014-08-14 15:01:32,967 INFO org.apache.hadoop.yarn.server.nodemanager.containermanager.localizer.ResourceLocalizationService: Public cache exiting
2014-08-14 15:01:32,967 INFO org.apache.hadoop.metrics2.impl.MetricsSystemImpl: Stopping NodeManager metrics system...
2014-08-14 15:01:32,968 INFO org.apache.hadoop.metrics2.impl.MetricsSystemImpl: NodeManager metrics system stopped.
2014-08-14 15:01:32,968 INFO org.apache.hadoop.metrics2.impl.MetricsSystemImpl: NodeManager metrics system shutdown complete.
2014-08-14 15:01:32,969 INFO org.apache.hadoop.yarn.server.nodemanager.NodeManager: SHUTDOWN_MSG: 
/************************************************************
SHUTDOWN_MSG: Shutting down NodeManager at rticdev.igatecorp.com/172.16.1.31
************************************************************/
